<?xml version="1.0" encoding="UTF-8" ?>
<testsuites>
  <testsuite errors="0" failures="0" hostname="admin1-H110M-DS2" id="0" name="UserTests" package="racetrack" tests="1" time="0.294" timestamp="2018-07-09T01:52:25">
      <properties />

      <testcase classname="racetrack.UserTests" name="testSimpleConstraints" time="0.287" />

      <system-out><![CDATA[--Output from testSimpleConstraints--
]]></system-out>

      <system-err><![CDATA[--Output from testSimpleConstraints--
]]></system-err>

  </testsuite>
</testsuites>
